<?xml version="1.0" encoding="UTF-8"?>
<testng-results ignored="0" total="1" passed="1" failed="0" skipped="0">
  <reporter-output>
  </reporter-output>
  <suite started-at="2025-10-15T12:05:37 IST" name="Default suite" finished-at="2025-10-15T12:06:12 IST" duration-ms="34771">
    <groups>
    </groups>
    <test started-at="2025-10-15T12:05:37 IST" name="Default test" finished-at="2025-10-15T12:06:12 IST" duration-ms="34771">
      <class name="testCases.Add_candidate">
        <test-method is-config="true" signature="test()[pri:0, instance:testCases.Add_candidate@5717c37]" started-at="2025-10-15T12:05:37 IST" name="test" finished-at="2025-10-15T12:05:45 IST" duration-ms="7745" status="PASS">
          <reporter-output>
          </reporter-output>
        </test-method> <!-- test -->
        <test-method signature="addCandidate_test()[pri:0, instance:testCases.Add_candidate@5717c37]" started-at="2025-10-15T12:05:45 IST" name="addCandidate_test" finished-at="2025-10-15T12:06:11 IST" duration-ms="26707" status="PASS">
          <reporter-output>
          </reporter-output>
        </test-method> <!-- addCandidate_test -->
        <test-method is-config="true" signature="teardown()[pri:0, instance:testCases.Add_candidate@5717c37]" started-at="2025-10-15T12:06:11 IST" name="teardown" finished-at="2025-10-15T12:06:12 IST" duration-ms="259" status="PASS">
          <reporter-output>
          </reporter-output>
        </test-method> <!-- teardown -->
      </class> <!-- testCases.Add_candidate -->
    </test> <!-- Default test -->
  </suite> <!-- Default suite -->
</testng-results>
