<?xml version="1.0" encoding="UTF-8"?>
<testng-results ignored="0" total="2" passed="2" failed="0" skipped="0">
  <reporter-output>
  </reporter-output>
  <suite started-at="2025-11-03T12:52:14 IST" name="Candidate_Registration_Suite" finished-at="2025-11-03T12:53:13 IST" duration-ms="58912">
    <groups>
    </groups>
    <test started-at="2025-11-03T12:52:14 IST" name="Candidate_Registration_Test_chrome" finished-at="2025-11-03T12:53:11 IST" duration-ms="56533">
      <class name="testCases.Add_candidate">
        <test-method is-config="true" signature="test(java.lang.String,java.lang.String,java.lang.String)[pri:0, instance:testCases.Add_candidate@16fdec90]" started-at="2025-11-03T12:52:14 IST" name="test" finished-at="2025-11-03T12:52:39 IST" duration-ms="24602" status="PASS">
          <params>
            <param index="0">
              <value>
                <![CDATA[Windows]]>
              </value>
            </param>
            <param index="1">
              <value>
                <![CDATA[chrome]]>
              </value>
            </param>
            <param index="2">
              <value>
                <![CDATA[https://opensource-demo.orangehrmlive.com/web/index.php/auth/login]]>
              </value>
            </param>
          </params>
          <reporter-output>
          </reporter-output>
        </test-method> <!-- test -->
        <test-method signature="addCandidate_test()[pri:0, instance:testCases.Add_candidate@16fdec90]" started-at="2025-11-03T12:52:39 IST" name="addCandidate_test" finished-at="2025-11-03T12:53:11 IST" duration-ms="31873" status="PASS">
          <reporter-output>
          </reporter-output>
        </test-method> <!-- addCandidate_test -->
        <test-method is-config="true" signature="captureScreenshotOnFailure(org.testng.ITestResult)[pri:0, instance:testCases.Add_candidate@16fdec90]" started-at="2025-11-03T12:53:11 IST" name="captureScreenshotOnFailure" finished-at="2025-11-03T12:53:11 IST" duration-ms="3" status="PASS">
          <params>
            <param index="0">
              <value>
                <![CDATA[[TestResult name=addCandidate_test status=SUCCESS method=Add_candidate.addCandidate_test()[pri:0, instance:testCases.Add_candidate@16fdec90] output={null}]]]>
              </value>
            </param>
          </params>
          <reporter-output>
          </reporter-output>
        </test-method> <!-- captureScreenshotOnFailure -->
      </class> <!-- testCases.Add_candidate -->
    </test> <!-- Candidate_Registration_Test_chrome -->
    <test started-at="2025-11-03T12:52:14 IST" name="Registration_Test_firefox" finished-at="2025-11-03T12:53:13 IST" duration-ms="58912">
      <class name="testCases.Add_candidate">
        <test-method is-config="true" signature="test(java.lang.String,java.lang.String,java.lang.String)[pri:0, instance:testCases.Add_candidate@4f1bfe23]" started-at="2025-11-03T12:52:14 IST" name="test" finished-at="2025-11-03T12:52:39 IST" duration-ms="24696" status="PASS">
          <params>
            <param index="0">
              <value>
                <![CDATA[Windows]]>
              </value>
            </param>
            <param index="1">
              <value>
                <![CDATA[firefox]]>
              </value>
            </param>
            <param index="2">
              <value>
                <![CDATA[https://opensource-demo.orangehrmlive.com/web/index.php/auth/login]]>
              </value>
            </param>
          </params>
          <reporter-output>
          </reporter-output>
        </test-method> <!-- test -->
        <test-method signature="addCandidate_test()[pri:0, instance:testCases.Add_candidate@4f1bfe23]" started-at="2025-11-03T12:52:39 IST" name="addCandidate_test" finished-at="2025-11-03T12:53:13 IST" duration-ms="34182" status="PASS">
          <reporter-output>
          </reporter-output>
        </test-method> <!-- addCandidate_test -->
        <test-method is-config="true" signature="captureScreenshotOnFailure(org.testng.ITestResult)[pri:0, instance:testCases.Add_candidate@4f1bfe23]" started-at="2025-11-03T12:53:13 IST" name="captureScreenshotOnFailure" finished-at="2025-11-03T12:53:13 IST" duration-ms="1" status="PASS">
          <params>
            <param index="0">
              <value>
                <![CDATA[[TestResult name=addCandidate_test status=SUCCESS method=Add_candidate.addCandidate_test()[pri:0, instance:testCases.Add_candidate@4f1bfe23] output={null}]]]>
              </value>
            </param>
          </params>
          <reporter-output>
          </reporter-output>
        </test-method> <!-- captureScreenshotOnFailure -->
      </class> <!-- testCases.Add_candidate -->
    </test> <!-- Registration_Test_firefox -->
  </suite> <!-- Candidate_Registration_Suite -->
</testng-results>
