<?xml version="1.0" encoding="UTF-8"?>
<testng-results ignored="0" total="1" passed="1" failed="0" skipped="0">
  <reporter-output>
  </reporter-output>
  <suite started-at="2025-10-29T16:29:07 IST" name="Default suite" finished-at="2025-10-29T16:29:39 IST" duration-ms="32160">
    <groups>
    </groups>
    <test started-at="2025-10-29T16:29:07 IST" name="Default test" finished-at="2025-10-29T16:29:39 IST" duration-ms="32160">
      <class name="testCases.jobTitle_TC">
        <test-method is-config="true" signature="test()[pri:0, instance:testCases.jobTitle_TC@34a875b3]" started-at="2025-10-29T16:29:07 IST" name="test" finished-at="2025-10-29T16:29:26 IST" duration-ms="18710" status="PASS">
          <reporter-output>
          </reporter-output>
        </test-method> <!-- test -->
        <test-method signature="addJob_test()[pri:0, instance:testCases.jobTitle_TC@34a875b3]" started-at="2025-10-29T16:29:26 IST" name="addJob_test" finished-at="2025-10-29T16:29:39 IST" duration-ms="13214" status="PASS">
          <reporter-output>
          </reporter-output>
        </test-method> <!-- addJob_test -->
        <test-method is-config="true" signature="captureScreenshotOnFailure(org.testng.ITestResult)[pri:0, instance:testCases.jobTitle_TC@34a875b3]" started-at="2025-10-29T16:29:39 IST" name="captureScreenshotOnFailure" finished-at="2025-10-29T16:29:39 IST" duration-ms="4" status="PASS">
          <params>
            <param index="0">
              <value>
                <![CDATA[[TestResult name=addJob_test status=SUCCESS method=jobTitle_TC.addJob_test()[pri:0, instance:testCases.jobTitle_TC@34a875b3] output={null}]]]>
              </value>
            </param>
          </params>
          <reporter-output>
          </reporter-output>
        </test-method> <!-- captureScreenshotOnFailure -->
      </class> <!-- testCases.jobTitle_TC -->
    </test> <!-- Default test -->
  </suite> <!-- Default suite -->
</testng-results>
